----------------------------------------------------------------
Sat Mar 06 20:04:10 CET 2021:
Booten von Derby-Version The Apache Software Foundation - Apache Derby - 10.14.2.0 - (1828579): Instanz a816c00e-0178-08ec-f486-0000073bc3a0
für Datenbankverzeichnis /Users/benjaminwagner/Documents/Docs2021/Prüfungen/WAGNER-JAVA16C/MiniDBKomplett/adressenDB mit Class Loader jdk.internal.loader.ClassLoaders$AppClassLoader@55054057
Geladen aus file:/Users/benjaminwagner/JavaLibs/Apache/db-derby-10.14.2.0-bin/lib/derby.jar
java.vendor=Oracle Corporation
java.runtime.version=14.0.1+7
user.dir=/Users/benjaminwagner/Documents/Docs2021/Prüfungen/WAGNER-JAVA16C/MiniDBKomplett
os.name=Mac OS X
os.arch=x86_64
os.version=10.16
derby.system.home=null
Datenbank-Class Loader wurde gestartet - derby.database.classpath=''
----------------------------------------------------------------
Sat Mar 06 20:04:10 CET 2021:
Instanz a816c00e-0178-08ec-f486-0000073bc3a0 im Datenbankverzeichnis /Users/benjaminwagner/Documents/Docs2021/Prüfungen/WAGNER-JAVA16C/MiniDBKomplett/adressenDB mit Class Loader jdk.internal.loader.ClassLoaders$AppClassLoader@55054057 wird heruntergefahren
----------------------------------------------------------------
Sat Mar 06 20:04:22 CET 2021:
Booten von Derby-Version The Apache Software Foundation - Apache Derby - 10.14.2.0 - (1828579): Instanz 08264012-0178-08ec-f486-0000073bc3a0
für Datenbankverzeichnis /Users/benjaminwagner/Documents/Docs2021/Prüfungen/WAGNER-JAVA16C/MiniDBKomplett/adressenDB mit Class Loader jdk.internal.loader.ClassLoaders$AppClassLoader@55054057
Geladen aus file:/Users/benjaminwagner/JavaLibs/Apache/db-derby-10.14.2.0-bin/lib/derby.jar
java.vendor=Oracle Corporation
java.runtime.version=14.0.1+7
user.dir=/Users/benjaminwagner/Documents/Docs2021/Prüfungen/WAGNER-JAVA16C/MiniDBKomplett
os.name=Mac OS X
os.arch=x86_64
os.version=10.16
derby.system.home=null
Datenbank-Class Loader wurde gestartet - derby.database.classpath=''
----------------------------------------------------------------
Sat Mar 06 20:04:25 CET 2021: Derby-Engine wird heruntergefahren
----------------------------------------------------------------
Sat Mar 06 20:04:25 CET 2021:
Instanz 08264012-0178-08ec-f486-0000073bc3a0 im Datenbankverzeichnis /Users/benjaminwagner/Documents/Docs2021/Prüfungen/WAGNER-JAVA16C/MiniDBKomplett/adressenDB mit Class Loader jdk.internal.loader.ClassLoaders$AppClassLoader@55054057 wird heruntergefahren
----------------------------------------------------------------
